<?xml version="1.0" encoding="UTF-8"?>
<!-- Generated by org.testng.reporters.JUnitReportReporter -->
<testsuite hostname="DESKTOP-O8MMCF7" failures="0" tests="1" name="rahulshettyacademy.Maven.AppTest" time="0.025" errors="0" timestamp="2020-05-06T17:34:25 IST" skipped="0">
  <testcase classname="rahulshettyacademy.Maven.AppTest" name="shouldAnswerWithTrue" time="0.025"/>
  <system-out/>
</testsuite> <!-- rahulshettyacademy.Maven.AppTest -->
