<?xml version="1.0" encoding="UTF-8"?>
<!-- Generated by org.testng.reporters.JUnitReportReporter -->
<testsuite hostname="DESKTOP-O8MMCF7" failures="0" tests="2" name="rahulshettyacademy.Maven.AppiumTest" time="0.002" errors="0" timestamp="2020-05-06T13:20:07 IST" skipped="0">
  <testcase classname="rahulshettyacademy.Maven.AppiumTest" name="nativeappium" time="0.001"/>
  <system-out/>
  <testcase classname="rahulshettyacademy.Maven.AppiumTest" name="Iosapp" time="0.001"/>
  <system-out/>
</testsuite> <!-- rahulshettyacademy.Maven.AppiumTest -->
