<?xml version="1.0" encoding="UTF-8"?>
<!-- Generated by org.testng.reporters.JUnitReportReporter -->
<testsuite hostname="DESKTOP-O8MMCF7" failures="0" tests="2" name="rahulshettyacademy.Maven.SeleniumTest" time="0.002" errors="0" timestamp="2020-05-06T17:34:25 IST" skipped="0">
  <testcase classname="rahulshettyacademy.Maven.SeleniumTest" name="browserAutomation" time="0.001"/>
  <system-out/>
  <testcase classname="rahulshettyacademy.Maven.SeleniumTest" name="elemntui" time="0.001"/>
  <system-out/>
</testsuite> <!-- rahulshettyacademy.Maven.SeleniumTest -->
